[2018-12-10] test01selectBrandByNo()
[2018-12-10] ==>  Preparing: select no, name from brand where no=?; 
[2018-12-10] ==> Parameters: B1(String)
[2018-12-10] <==    Columns: no, name
[2018-12-10] <==        Row: B1, hyundai
[2018-12-10] <==      Total: 1
[2018-12-10] test02insertBrand()
[2018-12-10] ==>  Preparing: insert into Brand values(?,?); 
[2018-12-10] ==> Parameters: B4(String), GM(String)
[2018-12-10] <==    Updates: 1
[2018-12-10] test02selectBrandByAll()
[2018-12-10] ==>  Preparing: select no, name from brand; 
[2018-12-10] ==> Parameters: 
[2018-12-10] <==    Columns: no, name
[2018-12-10] <==        Row: B1, hyundai
[2018-12-10] <==        Row: B2, kia
[2018-12-10] <==        Row: B3, bmw
[2018-12-10] <==        Row: B4, GM
[2018-12-10] <==      Total: 4
[2018-12-10] test04updateBrand()
[2018-12-10] ==>  Preparing: update Brand set no=?, name=? where no=?; 
[2018-12-10] ==> Parameters: B4(String), 르노(String), B4(String)
[2018-12-10] <==    Updates: 1
[2018-12-10] test05deleteBrand()
[2018-12-10] ==>  Preparing: delete from Brand where no=?; 
[2018-12-10] ==> Parameters: B4(String)
[2018-12-10] <==    Updates: 1
[2018-12-10] test01selectCarTypeByNo()
[2018-12-10] ==>  Preparing: select code, type from CarType where code=?; 
[2018-12-10] ==> Parameters: S1(String)
[2018-12-10] test02selectCarTypeByAll()
[2018-12-10] ==>  Preparing: select code, type from CarType; 
[2018-12-10] ==> Parameters: 
[2018-12-10] test03insertCarType()
[2018-12-10] ==>  Preparing: insert into CarType values(?,?); 
[2018-12-10] ==> Parameters: S7(String), 버스(String)
[2018-12-10] test04updateCarType()
[2018-12-10] ==>  Preparing: update CarType set code=?, type=? where code=?; 
[2018-12-10] ==> Parameters: S7(String), 고급(String), S7(String)
[2018-12-10] test05deleteCarType()
[2018-12-10] ==>  Preparing: delete from CarType where code=?; 
[2018-12-10] ==> Parameters: S7(String)
[2018-12-10] test01selectEmployeeByNo()
[2018-12-10] ==>  Preparing: select code, name, phone, passwd, t_code as tCode from employee where code=? 
[2018-12-10] ==> Parameters: E001(String)
[2018-12-10] <==      Total: 0
[2018-12-10] test02selectEmployeeByAll()
[2018-12-10] ==>  Preparing: select code, name, phone, passwd, t_code as tCode from employee 
[2018-12-10] ==> Parameters: 
[2018-12-10] <==      Total: 0
[2018-12-10] testOpenSession()
[2018-12-10] session org.apache.ibatis.session.defaults.DefaultSqlSession@165e8ca9
[2018-12-10] test01selectTitleByNo()
[2018-12-10] ==>  Preparing: select code, name, t_grant as tGrant from title where code=?; 
[2018-12-10] ==> Parameters: T001(String)
[2018-12-10] <==      Total: 0
[2018-12-10] test02selectTitleByAll()
[2018-12-10] ==>  Preparing: select code, name, t_grant as tGrant from title 
[2018-12-10] ==> Parameters: 
[2018-12-10] <==      Total: 0
[2018-12-10] test03insertTitle()
[2018-12-10] ==>  Preparing: insert into Title(code, name, t_grant) values(?, ?, ?) 
[2018-12-10] ==> Parameters: T003(String), 인턴(String), false(Boolean)
[2018-12-10] <==    Updates: 1
[2018-12-10] test04updateTitle()
[2018-12-10] ==>  Preparing: update title set code=?, name=?, t_grant=? where code=?; 
[2018-12-10] ==> Parameters: T003(String), 알바(String), false(Boolean), T003(String)
[2018-12-10] <==    Updates: 1
[2018-12-10] test05deleteTitle()
[2018-12-10] ==>  Preparing: delete from title where code=?; 
[2018-12-10] ==> Parameters: T003(String)
[2018-12-10] <==    Updates: 1
[2018-12-10] test01selectBrandByNo()
[2018-12-10] ==>  Preparing: select no, name from brand where no=?; 
[2018-12-10] ==> Parameters: B1(String)
[2018-12-10] <==    Columns: no, name
[2018-12-10] <==        Row: B1, hyundai
[2018-12-10] <==      Total: 1
[2018-12-10] test02insertBrand()
[2018-12-10] ==>  Preparing: insert into Brand values(?,?); 
[2018-12-10] ==> Parameters: B4(String), GM(String)
[2018-12-10] <==    Updates: 1
[2018-12-10] test02selectBrandByAll()
[2018-12-10] ==>  Preparing: select no, name from brand; 
[2018-12-10] ==> Parameters: 
[2018-12-10] <==    Columns: no, name
[2018-12-10] <==        Row: B1, hyundai
[2018-12-10] <==        Row: B2, kia
[2018-12-10] <==        Row: B3, bmw
[2018-12-10] <==        Row: B4, GM
[2018-12-10] <==      Total: 4
[2018-12-10] test04updateBrand()
[2018-12-10] ==>  Preparing: update Brand set no=?, name=? where no=?; 
[2018-12-10] ==> Parameters: B4(String), 르노(String), B4(String)
[2018-12-10] <==    Updates: 1
[2018-12-10] test05deleteBrand()
[2018-12-10] ==>  Preparing: delete from Brand where no=?; 
[2018-12-10] ==> Parameters: B4(String)
[2018-12-10] <==    Updates: 1
[2018-12-10] test01selectCarTypeByNo()
[2018-12-10] ==>  Preparing: select code, type from CarType where code=?; 
[2018-12-10] ==> Parameters: S1(String)
[2018-12-10] test02selectCarTypeByAll()
[2018-12-10] ==>  Preparing: select code, type from CarType; 
[2018-12-10] ==> Parameters: 
[2018-12-10] test03insertCarType()
[2018-12-10] ==>  Preparing: insert into CarType values(?,?); 
[2018-12-10] ==> Parameters: S7(String), 버스(String)
[2018-12-10] test04updateCarType()
[2018-12-10] ==>  Preparing: update CarType set code=?, type=? where code=?; 
[2018-12-10] ==> Parameters: S7(String), 고급(String), S7(String)
[2018-12-10] test05deleteCarType()
[2018-12-10] ==>  Preparing: delete from CarType where code=?; 
[2018-12-10] ==> Parameters: S7(String)
[2018-12-10] test01selectEmployeeByNo()
[2018-12-10] ==>  Preparing: select code, name, phone, passwd, t_code as tCode from employee where code=? 
[2018-12-10] ==> Parameters: E001(String)
[2018-12-10] <==      Total: 0
[2018-12-10] test02selectEmployeeByAll()
[2018-12-10] ==>  Preparing: select code, name, phone, passwd, t_code as tCode from employee 
[2018-12-10] ==> Parameters: 
[2018-12-10] <==      Total: 0
[2018-12-10] testOpenSession()
[2018-12-10] session org.apache.ibatis.session.defaults.DefaultSqlSession@165e8ca9
[2018-12-10] test01selectTitleByNo()
[2018-12-10] ==>  Preparing: select code, name, t_grant as tGrant from title where code=?; 
[2018-12-10] ==> Parameters: T001(String)
[2018-12-10] <==      Total: 0
[2018-12-10] test02selectTitleByAll()
[2018-12-10] ==>  Preparing: select code, name, t_grant as tGrant from title 
[2018-12-10] ==> Parameters: 
[2018-12-10] <==      Total: 0
[2018-12-10] test03insertTitle()
[2018-12-10] ==>  Preparing: insert into Title(code, name, t_grant) values(?, ?, ?) 
[2018-12-10] ==> Parameters: T003(String), 인턴(String), false(Boolean)
[2018-12-10] <==    Updates: 1
[2018-12-10] test04updateTitle()
[2018-12-10] ==>  Preparing: update title set code=?, name=?, t_grant=? where code=?; 
[2018-12-10] ==> Parameters: T003(String), 알바(String), false(Boolean), T003(String)
[2018-12-10] <==    Updates: 1
[2018-12-10] test05deleteTitle()
[2018-12-10] ==>  Preparing: delete from title where code=?; 
[2018-12-10] ==> Parameters: T003(String)
[2018-12-10] <==    Updates: 1
<<<<<<< HEAD
[2018-12-10] test01selectPostByNo()
[2018-12-10] ==>  Preparing: select zipcode, sido, sigungu, eupmyeon, doro, building1, building2 from post where zipcode=?; 
[2018-12-10] ==> Parameters: (String)
[2018-12-10] <==      Total: 0
[2018-12-10] test01selectPostByNo()
[2018-12-10] ==>  Preparing: select zipcode, sido, sigungu, eupmyeon, doro, building1, building2 from post where zipcode=?; 
[2018-12-10] ==> Parameters: (String)
[2018-12-10] <==      Total: 0
[2018-12-10] test01selectPostByNo()
[2018-12-10] ==>  Preparing: select zipcode, sido, sigungu, eupmyeon, doro, building1, building2 from post where zipcode=?; 
[2018-12-10] ==> Parameters: (String)
[2018-12-10] <==      Total: 0
[2018-12-10] test01selectPostByNo()
[2018-12-10] ==>  Preparing: select zipcode, sido, sigungu, eupmyeon, doro, building1, building2 from post where zipcode=?; 
[2018-12-10] ==> Parameters: 41456(String)
[2018-12-10] <==      Total: 0
=======
[2018-12-10] test01selectBrandByNo()
[2018-12-10] ==>  Preparing: select no, name from brand where no=?; 
[2018-12-10] ==> Parameters: B1(String)
[2018-12-10] <==    Columns: no, name
[2018-12-10] <==        Row: B1, hyundai
[2018-12-10] <==      Total: 1
[2018-12-10] test02selectBrandByAll()
[2018-12-10] ==>  Preparing: select no, name from brand; 
[2018-12-10] ==> Parameters: 
[2018-12-10] <==    Columns: no, name
[2018-12-10] <==        Row: B1, hyundai
[2018-12-10] <==        Row: B2, kia
[2018-12-10] <==        Row: B3, bmw
[2018-12-10] <==      Total: 3
[2018-12-10] test03insertBrand()
[2018-12-10] ==>  Preparing: insert into Brand values(?,?); 
[2018-12-10] ==> Parameters: B4(String), GM(String)
[2018-12-10] <==    Updates: 1
[2018-12-10] test04updateBrand()
[2018-12-10] ==>  Preparing: update Brand set no=?, name=? where no=?; 
[2018-12-10] ==> Parameters: B4(String), 르노(String), B4(String)
[2018-12-10] <==    Updates: 1
[2018-12-10] test05deleteBrand()
[2018-12-10] ==>  Preparing: delete from Brand where no=?; 
[2018-12-10] ==> Parameters: B4(String)
[2018-12-10] <==    Updates: 1
[2018-12-10] test01selectCarOptionByNo()
[2018-12-10] ==>  Preparing: select no, name, price from car_option where no=?; 
[2018-12-10] ==> Parameters: 1(Integer)
[2018-12-10] <==    Columns: no, name, price
[2018-12-10] <==        Row: 1, seat, 5000
[2018-12-10] <==      Total: 1
[2018-12-10] test02selectCarOptionByAll()
[2018-12-10] ==>  Preparing: select no, name, price from car_option; 
[2018-12-10] ==> Parameters: 
[2018-12-10] <==    Columns: no, name, price
[2018-12-10] <==        Row: 1, seat, 5000
[2018-12-10] <==        Row: 2, blackbox, 6000
[2018-12-10] <==        Row: 3, sunroof, 6000
[2018-12-10] <==        Row: 4, driver, 80000
[2018-12-10] <==      Total: 4
[2018-12-10] test03insertCarOption()
[2018-12-10] ==>  Preparing: insert into Car_option values(?,?,?); 
[2018-12-10] ==> Parameters: 5(Integer), 네비게이션(String), 5000(Integer)
[2018-12-10] <==    Updates: 1
[2018-12-10] test04updateCarOption()
[2018-12-10] ==>  Preparing: update Car_option set no=?, name=?, price=? where no=?; 
[2018-12-10] ==> Parameters: 5(Integer), 블랙박스(String), 7000(Integer), 5(Integer)
[2018-12-10] <==    Updates: 1
[2018-12-10] test05deleteCarOption()
[2018-12-10] ==>  Preparing: delete from Car_option where no=?; 
[2018-12-10] ==> Parameters: 5(Integer)
[2018-12-10] <==    Updates: 1
[2018-12-10] test01selectCarTypeByNo()
[2018-12-10] ==>  Preparing: select code, type from Car_type where code=?; 
[2018-12-10] ==> Parameters: S1(String)
[2018-12-10] <==    Columns: code, type
[2018-12-10] <==        Row: S1, 경형
[2018-12-10] <==      Total: 1
[2018-12-10] test02selectCarTypeByAll()
[2018-12-10] ==>  Preparing: select code, type from Car_type; 
[2018-12-10] ==> Parameters: 
[2018-12-10] <==    Columns: code, type
[2018-12-10] <==        Row: S1, 경형
[2018-12-10] <==        Row: S2, 소형
[2018-12-10] <==        Row: S3, 중형
[2018-12-10] <==        Row: S4, 대형
[2018-12-10] <==        Row: S5, 승합
[2018-12-10] <==        Row: S6, suv
[2018-12-10] <==      Total: 6
[2018-12-10] test03insertCarType()
[2018-12-10] ==>  Preparing: insert into Car_type values(?,?); 
[2018-12-10] ==> Parameters: S7(String), 버스(String)
[2018-12-10] <==    Updates: 1
[2018-12-10] test04updateCarType()
[2018-12-10] ==>  Preparing: update Car_type set code=?, type=? where code=?; 
[2018-12-10] ==> Parameters: S7(String), 고급(String), S7(String)
[2018-12-10] <==    Updates: 1
[2018-12-10] test05deleteCarType()
[2018-12-10] ==>  Preparing: delete from Car_type where code=?; 
[2018-12-10] ==> Parameters: S7(String)
[2018-12-10] <==    Updates: 1
[2018-12-10] test01selectEmployeeByNo()
[2018-12-10] ==>  Preparing: select code, name, phone, passwd, t_code as tCode from employee where code=? 
[2018-12-10] ==> Parameters: E001(String)
[2018-12-10] <==    Columns: code, name, phone, passwd, tCode
[2018-12-10] <==        Row: E001, 나매니저, 010-1234-1234, *6C362347EBEAA7DF44F6D34884615A35095E80EB, T001
[2018-12-10] <==      Total: 1
[2018-12-10] test02selectEmployeeByAll()
[2018-12-10] ==>  Preparing: select code, name, phone, passwd, t_code as tCode from employee 
[2018-12-10] ==> Parameters: 
[2018-12-10] <==    Columns: code, name, phone, passwd, tCode
[2018-12-10] <==        Row: E001, 나매니저, 010-1234-1234, *6C362347EBEAA7DF44F6D34884615A35095E80EB, T001
[2018-12-10] <==        Row: E002, 너일반사원, 010-5678-5678, *C2D24DCA38E9E862098B85BF0AB35CAA52803797, T002
[2018-12-10] <==      Total: 2
[2018-12-10] test01selectFuelByNo()
[2018-12-10] ==>  Preparing: select code from fuel where code=? 
[2018-12-10] ==> Parameters: lpg(String)
[2018-12-10] <==    Columns: code
[2018-12-10] <==        Row: lpg
[2018-12-10] <==      Total: 1
[2018-12-10] test02selectFuelByAll()
[2018-12-10] ==>  Preparing: select code from fuel 
[2018-12-10] ==> Parameters: 
[2018-12-10] <==    Columns: code
[2018-12-10] <==        Row: diesel
[2018-12-10] <==        Row: electric
[2018-12-10] <==        Row: gasolin
[2018-12-10] <==        Row: hybrid
[2018-12-10] <==        Row: lpg
[2018-12-10] <==      Total: 5
[2018-12-10] test03insertFuel()
[2018-12-10] ==>  Preparing: insert into fuel values(?); 
[2018-12-10] ==> Parameters: 수소(String)
[2018-12-10] <==    Updates: 1
[2018-12-10] test04deleteFuel()
[2018-12-10] ==>  Preparing: delete from fuel where code=?; 
[2018-12-10] ==> Parameters: 수소(String)
[2018-12-10] <==    Updates: 1
[2018-12-10] testOpenSession()
[2018-12-10] session org.apache.ibatis.session.defaults.DefaultSqlSession@4723908
[2018-12-10] test01selectTitleByNo()
[2018-12-10] ==>  Preparing: select code, name, t_grant as tGrant from title where code=?; 
[2018-12-10] ==> Parameters: T001(String)
[2018-12-10] <==    Columns: code, name, tGrant
[2018-12-10] <==        Row: T001, 매니저, 1
[2018-12-10] <==      Total: 1
[2018-12-10] test02selectTitleByAll()
[2018-12-10] ==>  Preparing: select code, name, t_grant as tGrant from title 
[2018-12-10] ==> Parameters: 
[2018-12-10] <==    Columns: code, name, tGrant
[2018-12-10] <==        Row: T001, 매니저, 1
[2018-12-10] <==        Row: T002, 일반사원, 0
[2018-12-10] <==      Total: 2
[2018-12-10] test03insertTitle()
[2018-12-10] ==>  Preparing: insert into Title(code, name, t_grant) values(?, ?, ?) 
[2018-12-10] ==> Parameters: T003(String), 인턴(String), false(Boolean)
[2018-12-10] <==    Updates: 1
[2018-12-10] test04updateTitle()
[2018-12-10] ==>  Preparing: update title set code=?, name=?, t_grant=? where code=?; 
[2018-12-10] ==> Parameters: T003(String), 알바(String), false(Boolean), T003(String)
[2018-12-10] <==    Updates: 1
[2018-12-10] test05deleteTitle()
[2018-12-10] ==>  Preparing: delete from title where code=?; 
[2018-12-10] ==> Parameters: T003(String)
[2018-12-10] <==    Updates: 1
[2018-12-10] test01selectBrandByNo()
[2018-12-10] ==>  Preparing: select no, name from brand where no=?; 
[2018-12-10] ==> Parameters: B1(String)
[2018-12-10] <==    Columns: no, name
[2018-12-10] <==        Row: B1, hyundai
[2018-12-10] <==      Total: 1
[2018-12-10] test02selectBrandByAll()
[2018-12-10] ==>  Preparing: select no, name from brand; 
[2018-12-10] ==> Parameters: 
[2018-12-10] <==    Columns: no, name
[2018-12-10] <==        Row: B1, hyundai
[2018-12-10] <==        Row: B2, kia
[2018-12-10] <==        Row: B3, bmw
[2018-12-10] <==      Total: 3
[2018-12-10] test03insertBrand()
[2018-12-10] ==>  Preparing: insert into Brand values(?,?); 
[2018-12-10] ==> Parameters: B4(String), GM(String)
[2018-12-10] <==    Updates: 1
[2018-12-10] test04updateBrand()
[2018-12-10] ==>  Preparing: update Brand set no=?, name=? where no=?; 
[2018-12-10] ==> Parameters: B4(String), 르노(String), B4(String)
[2018-12-10] <==    Updates: 1
[2018-12-10] test05deleteBrand()
[2018-12-10] ==>  Preparing: delete from Brand where no=?; 
[2018-12-10] ==> Parameters: B4(String)
[2018-12-10] <==    Updates: 1
[2018-12-10] test01selectCarOptionByNo()
[2018-12-10] ==>  Preparing: select no, name, price from car_option where no=?; 
[2018-12-10] ==> Parameters: 1(Integer)
[2018-12-10] <==    Columns: no, name, price
[2018-12-10] <==        Row: 1, seat, 5000
[2018-12-10] <==      Total: 1
[2018-12-10] test02selectCarOptionByAll()
[2018-12-10] ==>  Preparing: select no, name, price from car_option; 
[2018-12-10] ==> Parameters: 
[2018-12-10] <==    Columns: no, name, price
[2018-12-10] <==        Row: 1, seat, 5000
[2018-12-10] <==        Row: 2, blackbox, 6000
[2018-12-10] <==        Row: 3, sunroof, 6000
[2018-12-10] <==        Row: 4, driver, 80000
[2018-12-10] <==      Total: 4
[2018-12-10] test03insertCarOption()
[2018-12-10] ==>  Preparing: insert into Car_option values(?,?,?); 
[2018-12-10] ==> Parameters: 5(Integer), 네비게이션(String), 5000(Integer)
[2018-12-10] <==    Updates: 1
[2018-12-10] test04updateCarOption()
[2018-12-10] ==>  Preparing: update Car_option set no=?, name=?, price=? where no=?; 
[2018-12-10] ==> Parameters: 5(Integer), 블랙박스(String), 7000(Integer), 5(Integer)
[2018-12-10] <==    Updates: 1
[2018-12-10] test05deleteCarOption()
[2018-12-10] ==>  Preparing: delete from Car_option where no=?; 
[2018-12-10] ==> Parameters: 5(Integer)
[2018-12-10] <==    Updates: 1
[2018-12-10] test01selectCarTypeByNo()
[2018-12-10] ==>  Preparing: select code, type from Car_type where code=?; 
[2018-12-10] ==> Parameters: S1(String)
[2018-12-10] <==    Columns: code, type
[2018-12-10] <==        Row: S1, 경형
[2018-12-10] <==      Total: 1
[2018-12-10] test02selectCarTypeByAll()
[2018-12-10] ==>  Preparing: select code, type from Car_type; 
[2018-12-10] ==> Parameters: 
[2018-12-10] <==    Columns: code, type
[2018-12-10] <==        Row: S1, 경형
[2018-12-10] <==        Row: S2, 소형
[2018-12-10] <==        Row: S3, 중형
[2018-12-10] <==        Row: S4, 대형
[2018-12-10] <==        Row: S5, 승합
[2018-12-10] <==        Row: S6, suv
[2018-12-10] <==      Total: 6
[2018-12-10] test03insertCarType()
[2018-12-10] ==>  Preparing: insert into Car_type values(?,?); 
[2018-12-10] ==> Parameters: S7(String), 버스(String)
[2018-12-10] <==    Updates: 1
[2018-12-10] test04updateCarType()
[2018-12-10] ==>  Preparing: update Car_type set code=?, type=? where code=?; 
[2018-12-10] ==> Parameters: S7(String), 고급(String), S7(String)
[2018-12-10] <==    Updates: 1
[2018-12-10] test05deleteCarType()
[2018-12-10] ==>  Preparing: delete from Car_type where code=?; 
[2018-12-10] ==> Parameters: S7(String)
[2018-12-10] <==    Updates: 1
[2018-12-10] test01selectEmployeeByNo()
[2018-12-10] ==>  Preparing: select code, name, phone, passwd, t_code as tCode from employee where code=? 
[2018-12-10] ==> Parameters: E001(String)
[2018-12-10] <==    Columns: code, name, phone, passwd, tCode
[2018-12-10] <==        Row: E001, 나매니저, 010-1234-1234, *6C362347EBEAA7DF44F6D34884615A35095E80EB, T001
[2018-12-10] <==      Total: 1
[2018-12-10] test02selectEmployeeByAll()
[2018-12-10] ==>  Preparing: select code, name, phone, passwd, t_code as tCode from employee 
[2018-12-10] ==> Parameters: 
[2018-12-10] <==    Columns: code, name, phone, passwd, tCode
[2018-12-10] <==        Row: E001, 나매니저, 010-1234-1234, *6C362347EBEAA7DF44F6D34884615A35095E80EB, T001
[2018-12-10] <==        Row: E002, 너일반사원, 010-5678-5678, *C2D24DCA38E9E862098B85BF0AB35CAA52803797, T002
[2018-12-10] <==      Total: 2
[2018-12-10] test01selectFuelByNo()
[2018-12-10] ==>  Preparing: select code from fuel where code=? 
[2018-12-10] ==> Parameters: lpg(String)
[2018-12-10] <==    Columns: code
[2018-12-10] <==        Row: lpg
[2018-12-10] <==      Total: 1
[2018-12-10] test02selectFuelByAll()
[2018-12-10] ==>  Preparing: select code from fuel 
[2018-12-10] ==> Parameters: 
[2018-12-10] <==    Columns: code
[2018-12-10] <==        Row: diesel
[2018-12-10] <==        Row: electric
[2018-12-10] <==        Row: gasolin
[2018-12-10] <==        Row: hybrid
[2018-12-10] <==        Row: lpg
[2018-12-10] <==      Total: 5
[2018-12-10] test03insertFuel()
[2018-12-10] ==>  Preparing: insert into fuel values(?); 
[2018-12-10] ==> Parameters: 수소(String)
[2018-12-10] <==    Updates: 1
[2018-12-10] test04deleteFuel()
[2018-12-10] ==>  Preparing: delete from fuel where code=?; 
[2018-12-10] ==> Parameters: 수소(String)
[2018-12-10] <==    Updates: 1
[2018-12-10] testOpenSession()
[2018-12-10] session org.apache.ibatis.session.defaults.DefaultSqlSession@4723908
[2018-12-10] test01selectTitleByNo()
[2018-12-10] ==>  Preparing: select code, name, t_grant as tGrant from title where code=?; 
[2018-12-10] ==> Parameters: T001(String)
[2018-12-10] <==    Columns: code, name, tGrant
[2018-12-10] <==        Row: T001, 매니저, 1
[2018-12-10] <==      Total: 1
[2018-12-10] test02selectTitleByAll()
[2018-12-10] ==>  Preparing: select code, name, t_grant as tGrant from title 
[2018-12-10] ==> Parameters: 
[2018-12-10] <==    Columns: code, name, tGrant
[2018-12-10] <==        Row: T001, 매니저, 1
[2018-12-10] <==        Row: T002, 일반사원, 0
[2018-12-10] <==      Total: 2
[2018-12-10] test03insertTitle()
[2018-12-10] ==>  Preparing: insert into Title(code, name, t_grant) values(?, ?, ?) 
[2018-12-10] ==> Parameters: T003(String), 인턴(String), false(Boolean)
[2018-12-10] <==    Updates: 1
[2018-12-10] test04updateTitle()
[2018-12-10] ==>  Preparing: update title set code=?, name=?, t_grant=? where code=?; 
[2018-12-10] ==> Parameters: T003(String), 알바(String), false(Boolean), T003(String)
[2018-12-10] <==    Updates: 1
[2018-12-10] test05deleteTitle()
[2018-12-10] ==>  Preparing: delete from title where code=?; 
[2018-12-10] ==> Parameters: T003(String)
[2018-12-10] <==    Updates: 1
[2018-12-10] test01selectBrandByNo()
[2018-12-10] ==>  Preparing: select no, name from brand where no=?; 
[2018-12-10] ==> Parameters: B1(String)
[2018-12-10] <==    Columns: no, name
[2018-12-10] <==        Row: B1, hyundai
[2018-12-10] <==      Total: 1
[2018-12-10] test02selectBrandByAll()
[2018-12-10] ==>  Preparing: select no, name from brand; 
[2018-12-10] ==> Parameters: 
[2018-12-10] <==    Columns: no, name
[2018-12-10] <==        Row: B1, hyundai
[2018-12-10] <==        Row: B2, kia
[2018-12-10] <==        Row: B3, bmw
[2018-12-10] <==      Total: 3
[2018-12-10] test03insertBrand()
[2018-12-10] ==>  Preparing: insert into Brand values(?,?); 
[2018-12-10] ==> Parameters: B4(String), GM(String)
[2018-12-10] <==    Updates: 1
[2018-12-10] test04updateBrand()
[2018-12-10] ==>  Preparing: update Brand set no=?, name=? where no=?; 
[2018-12-10] ==> Parameters: B4(String), 르노(String), B4(String)
[2018-12-10] <==    Updates: 1
[2018-12-10] test05deleteBrand()
[2018-12-10] ==>  Preparing: delete from Brand where no=?; 
[2018-12-10] ==> Parameters: B4(String)
[2018-12-10] <==    Updates: 1
[2018-12-10] test01selectCarOptionByNo()
[2018-12-10] ==>  Preparing: select no, name, price from car_option where no=?; 
[2018-12-10] ==> Parameters: 1(Integer)
[2018-12-10] <==    Columns: no, name, price
[2018-12-10] <==        Row: 1, seat, 5000
[2018-12-10] <==      Total: 1
[2018-12-10] test02selectCarOptionByAll()
[2018-12-10] ==>  Preparing: select no, name, price from car_option; 
[2018-12-10] ==> Parameters: 
[2018-12-10] <==    Columns: no, name, price
[2018-12-10] <==        Row: 1, seat, 5000
[2018-12-10] <==        Row: 2, blackbox, 6000
[2018-12-10] <==        Row: 3, sunroof, 6000
[2018-12-10] <==        Row: 4, driver, 80000
[2018-12-10] <==      Total: 4
[2018-12-10] test03insertCarOption()
[2018-12-10] ==>  Preparing: insert into Car_option values(?,?,?); 
[2018-12-10] ==> Parameters: 5(Integer), 네비게이션(String), 5000(Integer)
[2018-12-10] <==    Updates: 1
[2018-12-10] test04updateCarOption()
[2018-12-10] ==>  Preparing: update Car_option set no=?, name=?, price=? where no=?; 
[2018-12-10] ==> Parameters: 5(Integer), 블랙박스(String), 7000(Integer), 5(Integer)
[2018-12-10] <==    Updates: 1
[2018-12-10] test05deleteCarOption()
[2018-12-10] ==>  Preparing: delete from Car_option where no=?; 
[2018-12-10] ==> Parameters: 5(Integer)
[2018-12-10] <==    Updates: 1
[2018-12-10] test01selectCarTypeByNo()
[2018-12-10] ==>  Preparing: select code, type from Car_type where code=?; 
[2018-12-10] ==> Parameters: S1(String)
[2018-12-10] <==    Columns: code, type
[2018-12-10] <==        Row: S1, 경형
[2018-12-10] <==      Total: 1
[2018-12-10] test02selectCarTypeByAll()
[2018-12-10] ==>  Preparing: select code, type from Car_type; 
[2018-12-10] ==> Parameters: 
[2018-12-10] <==    Columns: code, type
[2018-12-10] <==        Row: S1, 경형
[2018-12-10] <==        Row: S2, 소형
[2018-12-10] <==        Row: S3, 중형
[2018-12-10] <==        Row: S4, 대형
[2018-12-10] <==        Row: S5, 승합
[2018-12-10] <==        Row: S6, suv
[2018-12-10] <==      Total: 6
[2018-12-10] test03insertCarType()
[2018-12-10] ==>  Preparing: insert into Car_type values(?,?); 
[2018-12-10] ==> Parameters: S7(String), 버스(String)
[2018-12-10] <==    Updates: 1
[2018-12-10] test04updateCarType()
[2018-12-10] ==>  Preparing: update Car_type set code=?, type=? where code=?; 
[2018-12-10] ==> Parameters: S7(String), 고급(String), S7(String)
[2018-12-10] <==    Updates: 1
[2018-12-10] test05deleteCarType()
[2018-12-10] ==>  Preparing: delete from Car_type where code=?; 
[2018-12-10] ==> Parameters: S7(String)
[2018-12-10] <==    Updates: 1
[2018-12-10] test01selectEmployeeByNo()
[2018-12-10] ==>  Preparing: select code, name, phone, passwd, t_code as tCode from employee where code=? 
[2018-12-10] ==> Parameters: E001(String)
[2018-12-10] <==    Columns: code, name, phone, passwd, tCode
[2018-12-10] <==        Row: E001, 나매니저, 010-1234-1234, *6C362347EBEAA7DF44F6D34884615A35095E80EB, T001
[2018-12-10] <==      Total: 1
[2018-12-10] test02selectEmployeeByAll()
[2018-12-10] ==>  Preparing: select code, name, phone, passwd, t_code as tCode from employee 
[2018-12-10] ==> Parameters: 
[2018-12-10] <==    Columns: code, name, phone, passwd, tCode
[2018-12-10] <==        Row: E001, 나매니저, 010-1234-1234, *6C362347EBEAA7DF44F6D34884615A35095E80EB, T001
[2018-12-10] <==        Row: E002, 너일반사원, 010-5678-5678, *C2D24DCA38E9E862098B85BF0AB35CAA52803797, T002
[2018-12-10] <==      Total: 2
[2018-12-10] test01selectFuelByNo()
[2018-12-10] ==>  Preparing: select code from fuel where code=? 
[2018-12-10] ==> Parameters: lpg(String)
[2018-12-10] <==    Columns: code
[2018-12-10] <==        Row: lpg
[2018-12-10] <==      Total: 1
[2018-12-10] test02selectFuelByAll()
[2018-12-10] ==>  Preparing: select code from fuel 
[2018-12-10] ==> Parameters: 
[2018-12-10] <==    Columns: code
[2018-12-10] <==        Row: diesel
[2018-12-10] <==        Row: electric
[2018-12-10] <==        Row: gasolin
[2018-12-10] <==        Row: hybrid
[2018-12-10] <==        Row: lpg
[2018-12-10] <==      Total: 5
[2018-12-10] test03insertFuel()
[2018-12-10] ==>  Preparing: insert into fuel values(?); 
[2018-12-10] ==> Parameters: 수소(String)
[2018-12-10] <==    Updates: 1
[2018-12-10] test04deleteFuel()
[2018-12-10] ==>  Preparing: delete from fuel where code=?; 
[2018-12-10] ==> Parameters: 수소(String)
[2018-12-10] <==    Updates: 1
[2018-12-10] testOpenSession()
[2018-12-10] session org.apache.ibatis.session.defaults.DefaultSqlSession@3fb9a7bf
[2018-12-10] test01selectTitleByNo()
[2018-12-10] ==>  Preparing: select code, name, t_grant as tGrant from title where code=?; 
[2018-12-10] ==> Parameters: T001(String)
[2018-12-10] <==    Columns: code, name, tGrant
[2018-12-10] <==        Row: T001, 매니저, 1
[2018-12-10] <==      Total: 1
[2018-12-10] test02selectTitleByAll()
[2018-12-10] ==>  Preparing: select code, name, t_grant as tGrant from title 
[2018-12-10] ==> Parameters: 
[2018-12-10] <==    Columns: code, name, tGrant
[2018-12-10] <==        Row: T001, 매니저, 1
[2018-12-10] <==        Row: T002, 일반사원, 0
[2018-12-10] <==      Total: 2
[2018-12-10] test03insertTitle()
[2018-12-10] ==>  Preparing: insert into Title(code, name, t_grant) values(?, ?, ?) 
[2018-12-10] ==> Parameters: T003(String), 인턴(String), false(Boolean)
[2018-12-10] <==    Updates: 1
[2018-12-10] test04updateTitle()
[2018-12-10] ==>  Preparing: update title set code=?, name=?, t_grant=? where code=?; 
[2018-12-10] ==> Parameters: T003(String), 알바(String), false(Boolean), T003(String)
[2018-12-10] <==    Updates: 1
[2018-12-10] test05deleteTitle()
[2018-12-10] ==>  Preparing: delete from title where code=?; 
[2018-12-10] ==> Parameters: T003(String)
[2018-12-10] <==    Updates: 1
>>>>>>> branch 'master' of https://github.com/MinSu-Kim/java_web_female.git
[2018-12-11] test01selectBrandByNo()
[2018-12-11] ==>  Preparing: select no, name from brand where no=?; 
[2018-12-11] ==> Parameters: B1(String)
[2018-12-11] <==      Total: 0
[2018-12-11] test02selectBrandByAll()
[2018-12-11] ==>  Preparing: select no, name from brand; 
[2018-12-11] ==> Parameters: 
[2018-12-11] <==      Total: 0
[2018-12-11] test03insertBrand()
[2018-12-11] ==>  Preparing: insert into Brand values(?,?); 
[2018-12-11] ==> Parameters: B4(String), GM(String)
[2018-12-11] <==    Updates: 1
[2018-12-11] test04updateBrand()
[2018-12-11] ==>  Preparing: update Brand set no=?, name=? where no=?; 
[2018-12-11] ==> Parameters: B4(String), 르노(String), B4(String)
[2018-12-11] <==    Updates: 1
[2018-12-11] test05deleteBrand()
[2018-12-11] ==>  Preparing: delete from Brand where no=?; 
[2018-12-11] ==> Parameters: B4(String)
[2018-12-11] <==    Updates: 1
[2018-12-11] test01selectCarOptionByNo()
[2018-12-11] ==>  Preparing: select no, name, price from car_option where no=?; 
[2018-12-11] ==> Parameters: 1(Integer)
[2018-12-11] <==      Total: 0
[2018-12-11] test02selectCarOptionByAll()
[2018-12-11] ==>  Preparing: select no, name, price from car_option; 
[2018-12-11] ==> Parameters: 
[2018-12-11] <==      Total: 0
[2018-12-11] test03insertCarOption()
[2018-12-11] ==>  Preparing: insert into Car_option values(?,?,?); 
[2018-12-11] ==> Parameters: 5(Integer), 네비게이션(String), 5000(Integer)
[2018-12-11] <==    Updates: 1
[2018-12-11] test04updateCarOption()
[2018-12-11] ==>  Preparing: update Car_option set no=?, name=?, price=? where no=?; 
[2018-12-11] ==> Parameters: 5(Integer), 블랙박스(String), 7000(Integer), 5(Integer)
[2018-12-11] <==    Updates: 1
[2018-12-11] test05deleteCarOption()
[2018-12-11] ==>  Preparing: delete from Car_option where no=?; 
[2018-12-11] ==> Parameters: 5(Integer)
[2018-12-11] <==    Updates: 1
[2018-12-11] test01selectCarTypeByNo()
[2018-12-11] ==>  Preparing: select code, type from Car_type where code=?; 
[2018-12-11] ==> Parameters: S1(String)
[2018-12-11] <==      Total: 0
[2018-12-11] test02selectCarTypeByAll()
[2018-12-11] ==>  Preparing: select code, type from Car_type; 
[2018-12-11] ==> Parameters: 
[2018-12-11] <==      Total: 0
[2018-12-11] test03insertCarType()
[2018-12-11] ==>  Preparing: insert into Car_type values(?,?); 
[2018-12-11] ==> Parameters: S7(String), 버스(String)
[2018-12-11] <==    Updates: 1
[2018-12-11] test04updateCarType()
[2018-12-11] ==>  Preparing: update Car_type set code=?, type=? where code=?; 
[2018-12-11] ==> Parameters: S7(String), 고급(String), S7(String)
[2018-12-11] <==    Updates: 1
[2018-12-11] test05deleteCarType()
[2018-12-11] ==>  Preparing: delete from Car_type where code=?; 
[2018-12-11] ==> Parameters: S7(String)
[2018-12-11] <==    Updates: 1
[2018-12-11] test01selectEmployeeByNo()
[2018-12-11] ==>  Preparing: select code, name, phone, passwd, t_code as tCode from employee where code=? 
[2018-12-11] ==> Parameters: E001(String)
[2018-12-11] <==      Total: 0
[2018-12-11] test02selectEmployeeByAll()
[2018-12-11] ==>  Preparing: select code, name, phone, passwd, t_code as tCode from employee 
[2018-12-11] ==> Parameters: 
[2018-12-11] <==      Total: 0
[2018-12-11] test01selectFuelByNo()
[2018-12-11] ==>  Preparing: select code from fuel where code=? 
[2018-12-11] ==> Parameters: lpg(String)
[2018-12-11] <==      Total: 0
[2018-12-11] test02selectFuelByAll()
[2018-12-11] ==>  Preparing: select code from fuel 
[2018-12-11] ==> Parameters: 
[2018-12-11] <==      Total: 0
[2018-12-11] test03insertFuel()
[2018-12-11] ==>  Preparing: insert into fuel values(?); 
[2018-12-11] ==> Parameters: 수소(String)
[2018-12-11] <==    Updates: 1
[2018-12-11] test04deleteFuel()
[2018-12-11] ==>  Preparing: delete from fuel where code=?; 
[2018-12-11] ==> Parameters: 수소(String)
[2018-12-11] <==    Updates: 1
[2018-12-11] testOpenSession()
[2018-12-11] session org.apache.ibatis.session.defaults.DefaultSqlSession@615adecb
[2018-12-11] test01selectPostByNo()
[2018-12-11] ==>  Preparing: select zipcode, sido, sigungu, eupmyeon, doro, building1, building2 from post where zipcode=?; 
[2018-12-11] ==> Parameters: 41456(String)
[2018-12-11] <==      Total: 0
[2018-12-11] test01selectTitleByNo()
[2018-12-11] ==>  Preparing: select code, name, t_grant as tGrant from title where code=?; 
[2018-12-11] ==> Parameters: T001(String)
[2018-12-11] <==      Total: 0
[2018-12-11] test02selectTitleByAll()
[2018-12-11] ==>  Preparing: select code, name, t_grant as tGrant from title 
[2018-12-11] ==> Parameters: 
[2018-12-11] <==      Total: 0
[2018-12-11] test03insertTitle()
[2018-12-11] ==>  Preparing: insert into Title(code, name, t_grant) values(?, ?, ?) 
[2018-12-11] ==> Parameters: T003(String), 인턴(String), false(Boolean)
[2018-12-11] <==    Updates: 1
[2018-12-11] test04updateTitle()
[2018-12-11] ==>  Preparing: update title set code=?, name=?, t_grant=? where code=?; 
[2018-12-11] ==> Parameters: T003(String), 알바(String), false(Boolean), T003(String)
[2018-12-11] <==    Updates: 1
[2018-12-11] test05deleteTitle()
[2018-12-11] ==>  Preparing: delete from title where code=?; 
[2018-12-11] ==> Parameters: T003(String)
[2018-12-11] <==    Updates: 1
[2018-12-11] test01selectBrandByNo()
[2018-12-11] ==>  Preparing: select no, name from brand where no=?; 
[2018-12-11] ==> Parameters: B1(String)
[2018-12-11] <==      Total: 0
[2018-12-11] test02selectBrandByAll()
[2018-12-11] ==>  Preparing: select no, name from brand; 
[2018-12-11] ==> Parameters: 
[2018-12-11] <==      Total: 0
[2018-12-11] test03insertBrand()
[2018-12-11] ==>  Preparing: insert into Brand values(?,?); 
[2018-12-11] ==> Parameters: B4(String), GM(String)
[2018-12-11] <==    Updates: 1
[2018-12-11] test04updateBrand()
[2018-12-11] ==>  Preparing: update Brand set no=?, name=? where no=?; 
[2018-12-11] ==> Parameters: B4(String), 르노(String), B4(String)
[2018-12-11] <==    Updates: 1
[2018-12-11] test05deleteBrand()
[2018-12-11] ==>  Preparing: delete from Brand where no=?; 
[2018-12-11] ==> Parameters: B4(String)
[2018-12-11] <==    Updates: 1
[2018-12-11] test01selectCarOptionByNo()
[2018-12-11] ==>  Preparing: select no, name, price from car_option where no=?; 
[2018-12-11] ==> Parameters: 1(Integer)
[2018-12-11] <==      Total: 0
[2018-12-11] test02selectCarOptionByAll()
[2018-12-11] ==>  Preparing: select no, name, price from car_option; 
[2018-12-11] ==> Parameters: 
[2018-12-11] <==      Total: 0
[2018-12-11] test03insertCarOption()
[2018-12-11] ==>  Preparing: insert into Car_option values(?,?,?); 
[2018-12-11] ==> Parameters: 5(Integer), 네비게이션(String), 5000(Integer)
[2018-12-11] <==    Updates: 1
[2018-12-11] test04updateCarOption()
[2018-12-11] ==>  Preparing: update Car_option set no=?, name=?, price=? where no=?; 
[2018-12-11] ==> Parameters: 5(Integer), 블랙박스(String), 7000(Integer), 5(Integer)
[2018-12-11] <==    Updates: 1
[2018-12-11] test05deleteCarOption()
[2018-12-11] ==>  Preparing: delete from Car_option where no=?; 
[2018-12-11] ==> Parameters: 5(Integer)
[2018-12-11] <==    Updates: 1
[2018-12-11] test01selectCarTypeByNo()
[2018-12-11] ==>  Preparing: select code, type from Car_type where code=?; 
[2018-12-11] ==> Parameters: S1(String)
[2018-12-11] <==      Total: 0
[2018-12-11] test02selectCarTypeByAll()
[2018-12-11] ==>  Preparing: select code, type from Car_type; 
[2018-12-11] ==> Parameters: 
[2018-12-11] <==      Total: 0
[2018-12-11] test03insertCarType()
[2018-12-11] ==>  Preparing: insert into Car_type values(?,?); 
[2018-12-11] ==> Parameters: S7(String), 버스(String)
[2018-12-11] <==    Updates: 1
[2018-12-11] test04updateCarType()
[2018-12-11] ==>  Preparing: update Car_type set code=?, type=? where code=?; 
[2018-12-11] ==> Parameters: S7(String), 고급(String), S7(String)
[2018-12-11] <==    Updates: 1
[2018-12-11] test05deleteCarType()
[2018-12-11] ==>  Preparing: delete from Car_type where code=?; 
[2018-12-11] ==> Parameters: S7(String)
[2018-12-11] <==    Updates: 1
[2018-12-11] test01selectEmployeeByNo()
[2018-12-11] ==>  Preparing: select code, name, phone, passwd, t_code as tCode from employee where code=? 
[2018-12-11] ==> Parameters: E001(String)
[2018-12-11] <==      Total: 0
[2018-12-11] test02selectEmployeeByAll()
[2018-12-11] ==>  Preparing: select code, name, phone, passwd, t_code as tCode from employee 
[2018-12-11] ==> Parameters: 
[2018-12-11] <==      Total: 0
[2018-12-11] test01selectFuelByNo()
[2018-12-11] ==>  Preparing: select code from fuel where code=? 
[2018-12-11] ==> Parameters: lpg(String)
[2018-12-11] <==      Total: 0
[2018-12-11] test02selectFuelByAll()
[2018-12-11] ==>  Preparing: select code from fuel 
[2018-12-11] ==> Parameters: 
[2018-12-11] <==      Total: 0
[2018-12-11] test03insertFuel()
[2018-12-11] ==>  Preparing: insert into fuel values(?); 
[2018-12-11] ==> Parameters: 수소(String)
[2018-12-11] <==    Updates: 1
[2018-12-11] test04deleteFuel()
[2018-12-11] ==>  Preparing: delete from fuel where code=?; 
[2018-12-11] ==> Parameters: 수소(String)
[2018-12-11] <==    Updates: 1
[2018-12-11] testOpenSession()
[2018-12-11] session org.apache.ibatis.session.defaults.DefaultSqlSession@615adecb
[2018-12-11] test01selectPostByNo()
[2018-12-11] ==>  Preparing: select zipcode, sido, sigungu, eupmyeon, doro, building1, building2 from post where zipcode=?; 
[2018-12-11] ==> Parameters: 41456(String)
[2018-12-11] <==      Total: 0
[2018-12-11] test01selectTitleByNo()
[2018-12-11] ==>  Preparing: select code, name, t_grant as tGrant from title where code=?; 
[2018-12-11] ==> Parameters: T001(String)
[2018-12-11] <==      Total: 0
[2018-12-11] test02selectTitleByAll()
[2018-12-11] ==>  Preparing: select code, name, t_grant as tGrant from title 
[2018-12-11] ==> Parameters: 
[2018-12-11] <==      Total: 0
[2018-12-11] test03insertTitle()
[2018-12-11] ==>  Preparing: insert into Title(code, name, t_grant) values(?, ?, ?) 
[2018-12-11] ==> Parameters: T003(String), 인턴(String), false(Boolean)
[2018-12-11] <==    Updates: 1
[2018-12-11] test04updateTitle()
[2018-12-11] ==>  Preparing: update title set code=?, name=?, t_grant=? where code=?; 
[2018-12-11] ==> Parameters: T003(String), 알바(String), false(Boolean), T003(String)
[2018-12-11] <==    Updates: 1
[2018-12-11] test05deleteTitle()
[2018-12-11] ==>  Preparing: delete from title where code=?; 
[2018-12-11] ==> Parameters: T003(String)
[2018-12-11] <==    Updates: 1
[2018-12-11] test01selectTitleByNo()
[2018-12-11] ==>  Preparing: select code, name, t_grant as tGrant from title where code=?; 
[2018-12-11] ==> Parameters: T001(String)
[2018-12-11] <==      Total: 0
[2018-12-11] test02selectTitleByAll()
[2018-12-11] ==>  Preparing: select code, name, t_grant as tGrant from title 
[2018-12-11] ==> Parameters: 
[2018-12-11] <==      Total: 0
[2018-12-11] test03insertTitle()
[2018-12-11] ==>  Preparing: insert into Title(code, name, t_grant) values(?, ?, ?) 
[2018-12-11] ==> Parameters: T003(String), 인턴(String), false(Boolean)
[2018-12-11] <==    Updates: 1
[2018-12-11] test04updateTitle()
[2018-12-11] ==>  Preparing: update title set code=?, name=?, t_grant=? where code=?; 
[2018-12-11] ==> Parameters: T003(String), 알바(String), false(Boolean), T003(String)
[2018-12-11] <==    Updates: 1
[2018-12-11] test05deleteTitle()
[2018-12-11] ==>  Preparing: delete from title where code=?; 
[2018-12-11] ==> Parameters: T003(String)
[2018-12-11] <==    Updates: 1
[2018-12-11] test01selectBrandByNo()
[2018-12-11] ==>  Preparing: select no, name from brand where no=?; 
[2018-12-11] ==> Parameters: B1(String)
[2018-12-11] <==      Total: 0
[2018-12-11] test02selectBrandByAll()
[2018-12-11] ==>  Preparing: select no, name from brand; 
[2018-12-11] ==> Parameters: 
[2018-12-11] <==      Total: 0
[2018-12-11] test03insertBrand()
[2018-12-11] ==>  Preparing: insert into Brand values(?,?); 
[2018-12-11] ==> Parameters: B4(String), GM(String)
[2018-12-11] <==    Updates: 1
[2018-12-11] test04updateBrand()
[2018-12-11] ==>  Preparing: update Brand set no=?, name=? where no=?; 
[2018-12-11] ==> Parameters: B4(String), 르노(String), B4(String)
[2018-12-11] <==    Updates: 1
[2018-12-11] test05deleteBrand()
[2018-12-11] ==>  Preparing: delete from Brand where no=?; 
[2018-12-11] ==> Parameters: B4(String)
[2018-12-11] <==    Updates: 1
[2018-12-11] test01selectCarOptionByNo()
[2018-12-11] ==>  Preparing: select no, name, price from car_option where no=?; 
[2018-12-11] ==> Parameters: 1(Integer)
[2018-12-11] <==      Total: 0
[2018-12-11] test02selectCarOptionByAll()
[2018-12-11] ==>  Preparing: select no, name, price from car_option; 
[2018-12-11] ==> Parameters: 
[2018-12-11] <==      Total: 0
[2018-12-11] test03insertCarOption()
[2018-12-11] ==>  Preparing: insert into Car_option values(?,?,?); 
[2018-12-11] ==> Parameters: 5(Integer), 네비게이션(String), 5000(Integer)
[2018-12-11] <==    Updates: 1
[2018-12-11] test04updateCarOption()
[2018-12-11] ==>  Preparing: update Car_option set no=?, name=?, price=? where no=?; 
[2018-12-11] ==> Parameters: 5(Integer), 블랙박스(String), 7000(Integer), 5(Integer)
[2018-12-11] <==    Updates: 1
[2018-12-11] test05deleteCarOption()
[2018-12-11] ==>  Preparing: delete from Car_option where no=?; 
[2018-12-11] ==> Parameters: 5(Integer)
[2018-12-11] <==    Updates: 1
[2018-12-11] test01selectCarTypeByNo()
[2018-12-11] ==>  Preparing: select code, type from Car_type where code=?; 
[2018-12-11] ==> Parameters: S1(String)
[2018-12-11] <==      Total: 0
[2018-12-11] test02selectCarTypeByAll()
[2018-12-11] ==>  Preparing: select code, type from Car_type; 
[2018-12-11] ==> Parameters: 
[2018-12-11] <==      Total: 0
[2018-12-11] test03insertCarType()
[2018-12-11] ==>  Preparing: insert into Car_type values(?,?); 
[2018-12-11] ==> Parameters: S7(String), 버스(String)
[2018-12-11] <==    Updates: 1
[2018-12-11] test04updateCarType()
[2018-12-11] ==>  Preparing: update Car_type set code=?, type=? where code=?; 
[2018-12-11] ==> Parameters: S7(String), 고급(String), S7(String)
[2018-12-11] <==    Updates: 1
[2018-12-11] test05deleteCarType()
[2018-12-11] ==>  Preparing: delete from Car_type where code=?; 
[2018-12-11] ==> Parameters: S7(String)
[2018-12-11] <==    Updates: 1
[2018-12-11] test01selectEmployeeByNo()
[2018-12-11] ==>  Preparing: select code, name, phone, passwd, t_code as tCode from employee where code=? 
[2018-12-11] ==> Parameters: E001(String)
[2018-12-11] <==    Columns: code, name, phone, passwd, tCode
[2018-12-11] <==        Row: E001, 나매니저, 010-1234-1234, *6C362347EBEAA7DF44F6D34884615A35095E80EB, T001
[2018-12-11] <==      Total: 1
[2018-12-11] test02selectEmployeeByAll()
[2018-12-11] ==>  Preparing: select code, name, phone, passwd, t_code as tCode from employee 
[2018-12-11] ==> Parameters: 
[2018-12-11] <==    Columns: code, name, phone, passwd, tCode
[2018-12-11] <==        Row: E001, 나매니저, 010-1234-1234, *6C362347EBEAA7DF44F6D34884615A35095E80EB, T001
[2018-12-11] <==        Row: E002, 너일반사원, 010-5678-5678, *C2D24DCA38E9E862098B85BF0AB35CAA52803797, T002
[2018-12-11] <==      Total: 2
[2018-12-11] test01selectFuelByNo()
[2018-12-11] ==>  Preparing: select code from fuel where code=? 
[2018-12-11] ==> Parameters: lpg(String)
[2018-12-11] <==      Total: 0
[2018-12-11] test02selectFuelByAll()
[2018-12-11] ==>  Preparing: select code from fuel 
[2018-12-11] ==> Parameters: 
[2018-12-11] <==      Total: 0
[2018-12-11] test03insertFuel()
[2018-12-11] ==>  Preparing: insert into fuel values(?); 
[2018-12-11] ==> Parameters: 수소(String)
[2018-12-11] <==    Updates: 1
[2018-12-11] test04deleteFuel()
[2018-12-11] ==>  Preparing: delete from fuel where code=?; 
[2018-12-11] ==> Parameters: 수소(String)
[2018-12-11] <==    Updates: 1
[2018-12-11] testOpenSession()
[2018-12-11] session org.apache.ibatis.session.defaults.DefaultSqlSession@7d3f32da
[2018-12-11] test01selectTitleByNo()
[2018-12-11] ==>  Preparing: select code, name, t_grant as tGrant from title where code=?; 
[2018-12-11] ==> Parameters: T001(String)
[2018-12-11] <==    Columns: code, name, tGrant
[2018-12-11] <==        Row: T001, 매니저, 1
[2018-12-11] <==      Total: 1
[2018-12-11] test02selectTitleByAll()
[2018-12-11] ==>  Preparing: select code, name, t_grant as tGrant from title 
[2018-12-11] ==> Parameters: 
[2018-12-11] <==    Columns: code, name, tGrant
[2018-12-11] <==        Row: T001, 매니저, 1
[2018-12-11] <==        Row: T002, 일반사원, 0
[2018-12-11] <==      Total: 2
[2018-12-11] test03insertTitle()
[2018-12-11] ==>  Preparing: insert into Title(code, name, t_grant) values(?, ?, ?) 
[2018-12-11] ==> Parameters: T003(String), 인턴(String), false(Boolean)
[2018-12-11] <==    Updates: 1
[2018-12-11] test04updateTitle()
[2018-12-11] ==>  Preparing: update title set code=?, name=?, t_grant=? where code=?; 
[2018-12-11] ==> Parameters: T003(String), 알바(String), false(Boolean), T003(String)
[2018-12-11] <==    Updates: 1
[2018-12-11] test05deleteTitle()
[2018-12-11] ==>  Preparing: delete from title where code=?; 
[2018-12-11] ==> Parameters: T003(String)
[2018-12-11] <==    Updates: 1
